[0m2021.09.14 23:13:24 INFO  Started: Metals version 0.10.6 in workspace '/home/sam/scala-fun-prog-design' for client Visual Studio Code 1.60.0.[0m
[0m2021.09.14 23:13:26 INFO  time: initialize in 1.56s[0m
[0m2021.09.14 23:13:26 WARN  Build server is not auto-connectable.[0m
[0m2021.09.14 23:13:26 WARN  no build tool detected in workspace '/home/sam/scala-fun-prog-design'. The most common cause for this problem is that the editor was opened in the wrong working directory, for example if you use sbt then the workspace directory should contain build.sbt. [0m
[0m2021.09.14 23:13:26 WARN  no build target for: /home/sam/scala-fun-prog-design/week01/quickcheck/src/main/scala/quickcheck/QuickCheck.scala[0m
[0m2021.09.14 23:13:26 WARN  no build target for: /home/sam/scala-fun-prog-design/week01/quickcheck/src/main/scala/quickcheck/Heap.scala[0m
[0m2021.09.14 23:13:29 INFO  no build target: using presentation compiler with only scala-library: 2.12.14[0m
Sep 14, 2021 11:13:31 PM scala.meta.internal.pc.CompilerAccess handleError
SEVERE: file%3A%2F%2F%2Fhome%2Fsam%2Fscala-fun-prog-design%2Fweek01%2Fquickcheck%2Fsrc%2Fmain%2Fscala%2Fquickcheck%2FQuickCheck.scala:9: error: ; expected but : found
abstract class QuickCheckHeap extends Properties("Heap") with IntHeap:
                                                                     ^
file%3A%2F%2F%2Fhome%2Fsam%2Fscala-fun-prog-design%2Fweek01%2Fquickcheck%2Fsrc%2Fmain%2Fscala%2Fquickcheck%2FQuickCheck.scala:9: error: ; expected but : found
abstract class QuickCheckHeap extends Properties("Heap") with IntHeap:
                                                                     ^
	at scala.meta.internal.parsers.Reporter.syntaxError(Reporter.scala:16)
	at scala.meta.internal.parsers.Reporter.syntaxError$(Reporter.scala:16)
	at scala.meta.internal.parsers.Reporter$$anon$1.syntaxError(Reporter.scala:22)
	at scala.meta.internal.parsers.Reporter.syntaxError(Reporter.scala:17)
	at scala.meta.internal.parsers.Reporter.syntaxError$(Reporter.scala:17)
	at scala.meta.internal.parsers.Reporter$$anon$1.syntaxError(Reporter.scala:22)
	at scala.meta.internal.parsers.ScalametaParser.syntaxErrorExpected(ScalametaParser.scala:941)
	at scala.meta.internal.parsers.ScalametaParser.accept(ScalametaParser.scala:947)
	at scala.meta.internal.parsers.ScalametaParser.acceptStatSep(ScalametaParser.scala:957)
	at scala.meta.internal.parsers.ScalametaParser.acceptStatSepOpt(ScalametaParser.scala:961)
	at scala.meta.internal.parsers.ScalametaParser.statSeq(ScalametaParser.scala:5051)
	at scala.meta.internal.parsers.ScalametaParser.topStatSeq(ScalametaParser.scala:5057)
	at scala.meta.internal.parsers.ScalametaParser.bracelessPackageStats$1(ScalametaParser.scala:5280)
	at scala.meta.internal.parsers.ScalametaParser.$anonfun$batchSource$12(ScalametaParser.scala:5286)
	at scala.meta.internal.parsers.ScalametaParser.atPos(ScalametaParser.scala:888)
	at scala.meta.internal.parsers.ScalametaParser.$anonfun$batchSource$1(ScalametaParser.scala:5286)
	at scala.meta.internal.parsers.ScalametaParser.atPos(ScalametaParser.scala:888)
	at scala.meta.internal.parsers.ScalametaParser.autoPos(ScalametaParser.scala:922)
	at scala.meta.internal.parsers.ScalametaParser.batchSource(ScalametaParser.scala:5247)
	at scala.meta.internal.parsers.ScalametaParser.$anonfun$source$1(ScalametaParser.scala:5230)
	at scala.meta.internal.parsers.ScalametaParser.atPos(ScalametaParser.scala:888)
	at scala.meta.internal.parsers.ScalametaParser.autoPos(ScalametaParser.scala:922)
	at scala.meta.internal.parsers.ScalametaParser.source(ScalametaParser.scala:5229)
	at scala.meta.internal.parsers.ScalametaParser.entrypointSource(ScalametaParser.scala:5235)
	at scala.meta.internal.parsers.ScalametaParser.$anonfun$parseSource$2(ScalametaParser.scala:143)
	at scala.meta.internal.parsers.ScalametaParser.parseRule(ScalametaParser.scala:53)
	at scala.meta.internal.parsers.ScalametaParser.parseSource(ScalametaParser.scala:143)
	at scala.meta.parsers.Parse$.$anonfun$parseSource$1(Parse.scala:29)
	at scala.meta.internal.parsers.ScalametaParser$$anon$264.apply(ScalametaParser.scala:5299)
	at scala.meta.parsers.Api$XtensionParseDialectInput.parse(Api.scala:25)
	at scala.meta.internal.semanticdb.scalac.ParseOps$XtensionCompilationUnitSource.toSource(ParseOps.scala:17)
	at scala.meta.internal.semanticdb.scalac.TextDocumentOps$XtensionCompilationUnitDocument.toTextDocument(TextDocumentOps.scala:201)
	at scala.meta.internal.pc.SemanticdbTextDocumentProvider.textDocument(SemanticdbTextDocumentProvider.scala:51)

Sep 14, 2021 11:13:31 PM scala.meta.internal.pc.CompilerAccess handleError
SEVERE: file%3A%2F%2F%2Fhome%2Fsam%2Fscala-fun-prog-design%2Fweek01%2Fquickcheck%2Fsrc%2Fmain%2Fscala%2Fquickcheck%2FHeap.scala:3: error: ; expected but : found
trait IntHeap extends Heap:
                          ^
file%3A%2F%2F%2Fhome%2Fsam%2Fscala-fun-prog-design%2Fweek01%2Fquickcheck%2Fsrc%2Fmain%2Fscala%2Fquickcheck%2FHeap.scala:3: error: ; expected but : found
trait IntHeap extends Heap:
                          ^
	at scala.meta.internal.parsers.Reporter.syntaxError(Reporter.scala:16)
	at scala.meta.internal.parsers.Reporter.syntaxError$(Reporter.scala:16)
	at scala.meta.internal.parsers.Reporter$$anon$1.syntaxError(Reporter.scala:22)
	at scala.meta.internal.parsers.Reporter.syntaxError(Reporter.scala:17)
	at scala.meta.internal.parsers.Reporter.syntaxError$(Reporter.scala:17)
	at scala.meta.internal.parsers.Reporter$$anon$1.syntaxError(Reporter.scala:22)
	at scala.meta.internal.parsers.ScalametaParser.syntaxErrorExpected(ScalametaParser.scala:941)
	at scala.meta.internal.parsers.ScalametaParser.accept(ScalametaParser.scala:947)
	at scala.meta.internal.parsers.ScalametaParser.acceptStatSep(ScalametaParser.scala:957)
	at scala.meta.internal.parsers.ScalametaParser.acceptStatSepOpt(ScalametaParser.scala:961)
	at scala.meta.internal.parsers.ScalametaParser.statSeq(ScalametaParser.scala:5051)
	at scala.meta.internal.parsers.ScalametaParser.topStatSeq(ScalametaParser.scala:5057)
	at scala.meta.internal.parsers.ScalametaParser.bracelessPackageStats$1(ScalametaParser.scala:5280)
	at scala.meta.internal.parsers.ScalametaParser.$anonfun$batchSource$12(ScalametaParser.scala:5286)
	at scala.meta.internal.parsers.ScalametaParser.atPos(ScalametaParser.scala:888)
	at scala.meta.internal.parsers.ScalametaParser.$anonfun$batchSource$1(ScalametaParser.scala:5286)
	at scala.meta.internal.parsers.ScalametaParser.atPos(ScalametaParser.scala:888)
	at scala.meta.internal.parsers.ScalametaParser.autoPos(ScalametaParser.scala:922)
	at scala.meta.internal.parsers.ScalametaParser.batchSource(ScalametaParser.scala:5247)
	at scala.meta.internal.parsers.ScalametaParser.$anonfun$source$1(ScalametaParser.scala:5230)
	at scala.meta.internal.parsers.ScalametaParser.atPos(ScalametaParser.scala:888)
	at scala.meta.internal.parsers.ScalametaParser.autoPos(ScalametaParser.scala:922)
	at scala.meta.internal.parsers.ScalametaParser.source(ScalametaParser.scala:5229)
	at scala.meta.internal.parsers.ScalametaParser.entrypointSource(ScalametaParser.scala:5235)
	at scala.meta.internal.parsers.ScalametaParser.$anonfun$parseSource$2(ScalametaParser.scala:143)
	at scala.meta.internal.parsers.ScalametaParser.parseRule(ScalametaParser.scala:53)
	at scala.meta.internal.parsers.ScalametaParser.parseSource(ScalametaParser.scala:143)
	at scala.meta.parsers.Parse$.$anonfun$parseSource$1(Parse.scala:29)
	at scala.meta.internal.parsers.ScalametaParser$$anon$264.apply(ScalametaParser.scala:5299)
	at scala.meta.parsers.Api$XtensionParseDialectInput.parse(Api.scala:25)
	at scala.meta.internal.semanticdb.scalac.ParseOps$XtensionCompilationUnitSource.toSource(ParseOps.scala:17)
	at scala.meta.internal.semanticdb.scalac.TextDocumentOps$XtensionCompilationUnitDocument.toTextDocument(TextDocumentOps.scala:201)
	at scala.meta.internal.pc.SemanticdbTextDocumentProvider.textDocument(SemanticdbTextDocumentProvider.scala:51)

Sep 14, 2021 11:13:31 PM scala.meta.internal.pc.CompilerAccess handleError
SEVERE: file%3A%2F%2F%2Fhome%2Fsam%2Fscala-fun-prog-design%2Fweek01%2Fquickcheck%2Fsrc%2Fmain%2Fscala%2Fquickcheck%2FHeap.scala:3: error: ; expected but : found
trait IntHeap extends Heap:
                          ^
file%3A%2F%2F%2Fhome%2Fsam%2Fscala-fun-prog-design%2Fweek01%2Fquickcheck%2Fsrc%2Fmain%2Fscala%2Fquickcheck%2FHeap.scala:3: error: ; expected but : found
trait IntHeap extends Heap:
                          ^
	at scala.meta.internal.parsers.Reporter.syntaxError(Reporter.scala:16)
	at scala.meta.internal.parsers.Reporter.syntaxError$(Reporter.scala:16)
	at scala.meta.internal.parsers.Reporter$$anon$1.syntaxError(Reporter.scala:22)
	at scala.meta.internal.parsers.Reporter.syntaxError(Reporter.scala:17)
	at scala.meta.internal.parsers.Reporter.syntaxError$(Reporter.scala:17)
	at scala.meta.internal.parsers.Reporter$$anon$1.syntaxError(Reporter.scala:22)
	at scala.meta.internal.parsers.ScalametaParser.syntaxErrorExpected(ScalametaParser.scala:941)
	at scala.meta.internal.parsers.ScalametaParser.accept(ScalametaParser.scala:947)
	at scala.meta.internal.parsers.ScalametaParser.acceptStatSep(ScalametaParser.scala:957)
	at scala.meta.internal.parsers.ScalametaParser.acceptStatSepOpt(ScalametaParser.scala:961)
	at scala.meta.internal.parsers.ScalametaParser.statSeq(ScalametaParser.scala:5051)
	at scala.meta.internal.parsers.ScalametaParser.topStatSeq(ScalametaParser.scala:5057)
	at scala.meta.internal.parsers.ScalametaParser.bracelessPackageStats$1(ScalametaParser.scala:5280)
	at scala.meta.internal.parsers.ScalametaParser.$anonfun$batchSource$12(ScalametaParser.scala:5286)
	at scala.meta.internal.parsers.ScalametaParser.atPos(ScalametaParser.scala:888)
	at scala.meta.internal.parsers.ScalametaParser.$anonfun$batchSource$1(ScalametaParser.scala:5286)
	at scala.meta.internal.parsers.ScalametaParser.atPos(ScalametaParser.scala:888)
	at scala.meta.internal.parsers.ScalametaParser.autoPos(ScalametaParser.scala:922)
	at scala.meta.internal.parsers.ScalametaParser.batchSource(ScalametaParser.scala:5247)
	at scala.meta.internal.parsers.ScalametaParser.$anonfun$source$1(ScalametaParser.scala:5230)
	at scala.meta.internal.parsers.ScalametaParser.atPos(ScalametaParser.scala:888)
	at scala.meta.internal.parsers.ScalametaParser.autoPos(ScalametaParser.scala:922)
	at scala.meta.internal.parsers.ScalametaParser.source(ScalametaParser.scala:5229)
	at scala.meta.internal.parsers.ScalametaParser.entrypointSource(ScalametaParser.scala:5235)
	at scala.meta.internal.parsers.ScalametaParser.$anonfun$parseSource$2(ScalametaParser.scala:143)
	at scala.meta.internal.parsers.ScalametaParser.parseRule(ScalametaParser.scala:53)
	at scala.meta.internal.parsers.ScalametaParser.parseSource(ScalametaParser.scala:143)
	at scala.meta.parsers.Parse$.$anonfun$parseSource$1(Parse.scala:29)
	at scala.meta.internal.parsers.ScalametaParser$$anon$264.apply(ScalametaParser.scala:5299)
	at scala.meta.parsers.Api$XtensionParseDialectInput.parse(Api.scala:25)
	at scala.meta.internal.semanticdb.scalac.ParseOps$XtensionCompilationUnitSource.toSource(ParseOps.scala:17)
	at scala.meta.internal.semanticdb.scalac.TextDocumentOps$XtensionCompilationUnitDocument.toTextDocument(TextDocumentOps.scala:201)
	at scala.meta.internal.pc.SemanticdbTextDocumentProvider.textDocument(SemanticdbTextDocumentProvider.scala:51)

[0m2021.09.14 23:13:31 INFO  time: code lens generation in 4.32s[0m
Sep 14, 2021 11:13:31 PM scala.meta.internal.pc.CompilerAccess handleError
SEVERE: file%3A%2F%2F%2Fhome%2Fsam%2Fscala-fun-prog-design%2Fweek01%2Fquickcheck%2Fsrc%2Fmain%2Fscala%2Fquickcheck%2FHeap.scala:3: error: ; expected but : found
trait IntHeap extends Heap:
                          ^
file%3A%2F%2F%2Fhome%2Fsam%2Fscala-fun-prog-design%2Fweek01%2Fquickcheck%2Fsrc%2Fmain%2Fscala%2Fquickcheck%2FHeap.scala:3: error: ; expected but : found
trait IntHeap extends Heap:
                          ^
	at scala.meta.internal.parsers.Reporter.syntaxError(Reporter.scala:16)
	at scala.meta.internal.parsers.Reporter.syntaxError$(Reporter.scala:16)
	at scala.meta.internal.parsers.Reporter$$anon$1.syntaxError(Reporter.scala:22)
	at scala.meta.internal.parsers.Reporter.syntaxError(Reporter.scala:17)
	at scala.meta.internal.parsers.Reporter.syntaxError$(Reporter.scala:17)
	at scala.meta.internal.parsers.Reporter$$anon$1.syntaxError(Reporter.scala:22)
	at scala.meta.internal.parsers.ScalametaParser.syntaxErrorExpected(ScalametaParser.scala:941)
	at scala.meta.internal.parsers.ScalametaParser.accept(ScalametaParser.scala:947)
	at scala.meta.internal.parsers.ScalametaParser.acceptStatSep(ScalametaParser.scala:957)
	at scala.meta.internal.parsers.ScalametaParser.acceptStatSepOpt(ScalametaParser.scala:961)
	at scala.meta.internal.parsers.ScalametaParser.statSeq(ScalametaParser.scala:5051)
	at scala.meta.internal.parsers.ScalametaParser.topStatSeq(ScalametaParser.scala:5057)
	at scala.meta.internal.parsers.ScalametaParser.bracelessPackageStats$1(ScalametaParser.scala:5280)
	at scala.meta.internal.parsers.ScalametaParser.$anonfun$batchSource$12(ScalametaParser.scala:5286)
	at scala.meta.internal.parsers.ScalametaParser.atPos(ScalametaParser.scala:888)
	at scala.meta.internal.parsers.ScalametaParser.$anonfun$batchSource$1(ScalametaParser.scala:5286)
	at scala.meta.internal.parsers.ScalametaParser.atPos(ScalametaParser.scala:888)
	at scala.meta.internal.parsers.ScalametaParser.autoPos(ScalametaParser.scala:922)
	at scala.meta.internal.parsers.ScalametaParser.batchSource(ScalametaParser.scala:5247)
	at scala.meta.internal.parsers.ScalametaParser.$anonfun$source$1(ScalametaParser.scala:5230)
	at scala.meta.internal.parsers.ScalametaParser.atPos(ScalametaParser.scala:888)
	at scala.meta.internal.parsers.ScalametaParser.autoPos(ScalametaParser.scala:922)
	at scala.meta.internal.parsers.ScalametaParser.source(ScalametaParser.scala:5229)
	at scala.meta.internal.parsers.ScalametaParser.entrypointSource(ScalametaParser.scala:5235)
	at scala.meta.internal.parsers.ScalametaParser.$anonfun$parseSource$2(ScalametaParser.scala:143)
	at scala.meta.internal.parsers.ScalametaParser.parseRule(ScalametaParser.scala:53)
	at scala.meta.internal.parsers.ScalametaParser.parseSource(ScalametaParser.scala:143)
	at scala.meta.parsers.Parse$.$anonfun$parseSource$1(Parse.scala:29)
	at scala.meta.internal.parsers.ScalametaParser$$anon$264.apply(ScalametaParser.scala:5299)
	at scala.meta.parsers.Api$XtensionParseDialectInput.parse(Api.scala:25)
	at scala.meta.internal.semanticdb.scalac.ParseOps$XtensionCompilationUnitSource.toSource(ParseOps.scala:17)
	at scala.meta.internal.semanticdb.scalac.TextDocumentOps$XtensionCompilationUnitDocument.toTextDocument(TextDocumentOps.scala:201)
	at scala.meta.internal.pc.SemanticdbTextDocumentProvider.textDocument(SemanticdbTextDocumentProvider.scala:51)

Sep 14, 2021 11:13:32 PM scala.meta.internal.pc.CompilerAccess handleError
SEVERE: file%3A%2F%2F%2Fhome%2Fsam%2Fscala-fun-prog-design%2Fweek01%2Fquickcheck%2Fsrc%2Fmain%2Fscala%2Fquickcheck%2FQuickCheck.scala:9: error: ; expected but : found
abstract class QuickCheckHeap extends Properties("Heap") with IntHeap:
                                                                     ^
file%3A%2F%2F%2Fhome%2Fsam%2Fscala-fun-prog-design%2Fweek01%2Fquickcheck%2Fsrc%2Fmain%2Fscala%2Fquickcheck%2FQuickCheck.scala:9: error: ; expected but : found
abstract class QuickCheckHeap extends Properties("Heap") with IntHeap:
                                                                     ^
	at scala.meta.internal.parsers.Reporter.syntaxError(Reporter.scala:16)
	at scala.meta.internal.parsers.Reporter.syntaxError$(Reporter.scala:16)
	at scala.meta.internal.parsers.Reporter$$anon$1.syntaxError(Reporter.scala:22)
	at scala.meta.internal.parsers.Reporter.syntaxError(Reporter.scala:17)
	at scala.meta.internal.parsers.Reporter.syntaxError$(Reporter.scala:17)
	at scala.meta.internal.parsers.Reporter$$anon$1.syntaxError(Reporter.scala:22)
	at scala.meta.internal.parsers.ScalametaParser.syntaxErrorExpected(ScalametaParser.scala:941)
	at scala.meta.internal.parsers.ScalametaParser.accept(ScalametaParser.scala:947)
	at scala.meta.internal.parsers.ScalametaParser.acceptStatSep(ScalametaParser.scala:957)
	at scala.meta.internal.parsers.ScalametaParser.acceptStatSepOpt(ScalametaParser.scala:961)
	at scala.meta.internal.parsers.ScalametaParser.statSeq(ScalametaParser.scala:5051)
	at scala.meta.internal.parsers.ScalametaParser.topStatSeq(ScalametaParser.scala:5057)
	at scala.meta.internal.parsers.ScalametaParser.bracelessPackageStats$1(ScalametaParser.scala:5280)
	at scala.meta.internal.parsers.ScalametaParser.$anonfun$batchSource$12(ScalametaParser.scala:5286)
	at scala.meta.internal.parsers.ScalametaParser.atPos(ScalametaParser.scala:888)
	at scala.meta.internal.parsers.ScalametaParser.$anonfun$batchSource$1(ScalametaParser.scala:5286)
	at scala.meta.internal.parsers.ScalametaParser.atPos(ScalametaParser.scala:888)
	at scala.meta.internal.parsers.ScalametaParser.autoPos(ScalametaParser.scala:922)
	at scala.meta.internal.parsers.ScalametaParser.batchSource(ScalametaParser.scala:5247)
	at scala.meta.internal.parsers.ScalametaParser.$anonfun$source$1(ScalametaParser.scala:5230)
	at scala.meta.internal.parsers.ScalametaParser.atPos(ScalametaParser.scala:888)
	at scala.meta.internal.parsers.ScalametaParser.autoPos(ScalametaParser.scala:922)
	at scala.meta.internal.parsers.ScalametaParser.source(ScalametaParser.scala:5229)
	at scala.meta.internal.parsers.ScalametaParser.entrypointSource(ScalametaParser.scala:5235)
	at scala.meta.internal.parsers.ScalametaParser.$anonfun$parseSource$2(ScalametaParser.scala:143)
	at scala.meta.internal.parsers.ScalametaParser.parseRule(ScalametaParser.scala:53)
	at scala.meta.internal.parsers.ScalametaParser.parseSource(ScalametaParser.scala:143)
	at scala.meta.parsers.Parse$.$anonfun$parseSource$1(Parse.scala:29)
	at scala.meta.internal.parsers.ScalametaParser$$anon$264.apply(ScalametaParser.scala:5299)
	at scala.meta.parsers.Api$XtensionParseDialectInput.parse(Api.scala:25)
	at scala.meta.internal.semanticdb.scalac.ParseOps$XtensionCompilationUnitSource.toSource(ParseOps.scala:17)
	at scala.meta.internal.semanticdb.scalac.TextDocumentOps$XtensionCompilationUnitDocument.toTextDocument(TextDocumentOps.scala:201)
	at scala.meta.internal.pc.SemanticdbTextDocumentProvider.textDocument(SemanticdbTextDocumentProvider.scala:51)

Sep 14, 2021 11:13:32 PM scala.meta.internal.pc.CompilerAccess handleError
SEVERE: file%3A%2F%2F%2Fhome%2Fsam%2Fscala-fun-prog-design%2Fweek01%2Fquickcheck%2Fsrc%2Fmain%2Fscala%2Fquickcheck%2FQuickCheck.scala:9: error: ; expected but : found
abstract class QuickCheckHeap extends Properties("Heap") with IntHeap:
                                                                     ^
file%3A%2F%2F%2Fhome%2Fsam%2Fscala-fun-prog-design%2Fweek01%2Fquickcheck%2Fsrc%2Fmain%2Fscala%2Fquickcheck%2FQuickCheck.scala:9: error: ; expected but : found
abstract class QuickCheckHeap extends Properties("Heap") with IntHeap:
                                                                     ^
	at scala.meta.internal.parsers.Reporter.syntaxError(Reporter.scala:16)
	at scala.meta.internal.parsers.Reporter.syntaxError$(Reporter.scala:16)
	at scala.meta.internal.parsers.Reporter$$anon$1.syntaxError(Reporter.scala:22)
	at scala.meta.internal.parsers.Reporter.syntaxError(Reporter.scala:17)
	at scala.meta.internal.parsers.Reporter.syntaxError$(Reporter.scala:17)
	at scala.meta.internal.parsers.Reporter$$anon$1.syntaxError(Reporter.scala:22)
	at scala.meta.internal.parsers.ScalametaParser.syntaxErrorExpected(ScalametaParser.scala:941)
	at scala.meta.internal.parsers.ScalametaParser.accept(ScalametaParser.scala:947)
	at scala.meta.internal.parsers.ScalametaParser.acceptStatSep(ScalametaParser.scala:957)
	at scala.meta.internal.parsers.ScalametaParser.acceptStatSepOpt(ScalametaParser.scala:961)
	at scala.meta.internal.parsers.ScalametaParser.statSeq(ScalametaParser.scala:5051)
	at scala.meta.internal.parsers.ScalametaParser.topStatSeq(ScalametaParser.scala:5057)
	at scala.meta.internal.parsers.ScalametaParser.bracelessPackageStats$1(ScalametaParser.scala:5280)
	at scala.meta.internal.parsers.ScalametaParser.$anonfun$batchSource$12(ScalametaParser.scala:5286)
	at scala.meta.internal.parsers.ScalametaParser.atPos(ScalametaParser.scala:888)
	at scala.meta.internal.parsers.ScalametaParser.$anonfun$batchSource$1(ScalametaParser.scala:5286)
	at scala.meta.internal.parsers.ScalametaParser.atPos(ScalametaParser.scala:888)
	at scala.meta.internal.parsers.ScalametaParser.autoPos(ScalametaParser.scala:922)
	at scala.meta.internal.parsers.ScalametaParser.batchSource(ScalametaParser.scala:5247)
	at scala.meta.internal.parsers.ScalametaParser.$anonfun$source$1(ScalametaParser.scala:5230)
	at scala.meta.internal.parsers.ScalametaParser.atPos(ScalametaParser.scala:888)
	at scala.meta.internal.parsers.ScalametaParser.autoPos(ScalametaParser.scala:922)
	at scala.meta.internal.parsers.ScalametaParser.source(ScalametaParser.scala:5229)
	at scala.meta.internal.parsers.ScalametaParser.entrypointSource(ScalametaParser.scala:5235)
	at scala.meta.internal.parsers.ScalametaParser.$anonfun$parseSource$2(ScalametaParser.scala:143)
	at scala.meta.internal.parsers.ScalametaParser.parseRule(ScalametaParser.scala:53)
	at scala.meta.internal.parsers.ScalametaParser.parseSource(ScalametaParser.scala:143)
	at scala.meta.parsers.Parse$.$anonfun$parseSource$1(Parse.scala:29)
	at scala.meta.internal.parsers.ScalametaParser$$anon$264.apply(ScalametaParser.scala:5299)
	at scala.meta.parsers.Api$XtensionParseDialectInput.parse(Api.scala:25)
	at scala.meta.internal.semanticdb.scalac.ParseOps$XtensionCompilationUnitSource.toSource(ParseOps.scala:17)
	at scala.meta.internal.semanticdb.scalac.TextDocumentOps$XtensionCompilationUnitDocument.toTextDocument(TextDocumentOps.scala:201)
	at scala.meta.internal.pc.SemanticdbTextDocumentProvider.textDocument(SemanticdbTextDocumentProvider.scala:51)

Sep 14, 2021 11:13:52 PM scala.meta.internal.pc.CompilerAccess handleError
SEVERE: file%3A%2F%2F%2Fhome%2Fsam%2Fscala-fun-prog-design%2Fweek01%2Fquickcheck%2Fsrc%2Fmain%2Fscala%2Fquickcheck%2FQuickCheck.scala:9: error: ; expected but : found
abstract class QuickCheckHeap extends Properties("Heap") with IntHeap:
                                                                     ^
file%3A%2F%2F%2Fhome%2Fsam%2Fscala-fun-prog-design%2Fweek01%2Fquickcheck%2Fsrc%2Fmain%2Fscala%2Fquickcheck%2FQuickCheck.scala:9: error: ; expected but : found
abstract class QuickCheckHeap extends Properties("Heap") with IntHeap:
                                                                     ^
	at scala.meta.internal.parsers.Reporter.syntaxError(Reporter.scala:16)
	at scala.meta.internal.parsers.Reporter.syntaxError$(Reporter.scala:16)
	at scala.meta.internal.parsers.Reporter$$anon$1.syntaxError(Reporter.scala:22)
	at scala.meta.internal.parsers.Reporter.syntaxError(Reporter.scala:17)
	at scala.meta.internal.parsers.Reporter.syntaxError$(Reporter.scala:17)
	at scala.meta.internal.parsers.Reporter$$anon$1.syntaxError(Reporter.scala:22)
	at scala.meta.internal.parsers.ScalametaParser.syntaxErrorExpected(ScalametaParser.scala:941)
	at scala.meta.internal.parsers.ScalametaParser.accept(ScalametaParser.scala:947)
	at scala.meta.internal.parsers.ScalametaParser.acceptStatSep(ScalametaParser.scala:957)
	at scala.meta.internal.parsers.ScalametaParser.acceptStatSepOpt(ScalametaParser.scala:961)
	at scala.meta.internal.parsers.ScalametaParser.statSeq(ScalametaParser.scala:5051)
	at scala.meta.internal.parsers.ScalametaParser.topStatSeq(ScalametaParser.scala:5057)
	at scala.meta.internal.parsers.ScalametaParser.bracelessPackageStats$1(ScalametaParser.scala:5280)
	at scala.meta.internal.parsers.ScalametaParser.$anonfun$batchSource$12(ScalametaParser.scala:5286)
	at scala.meta.internal.parsers.ScalametaParser.atPos(ScalametaParser.scala:888)
	at scala.meta.internal.parsers.ScalametaParser.$anonfun$batchSource$1(ScalametaParser.scala:5286)
	at scala.meta.internal.parsers.ScalametaParser.atPos(ScalametaParser.scala:888)
	at scala.meta.internal.parsers.ScalametaParser.autoPos(ScalametaParser.scala:922)
	at scala.meta.internal.parsers.ScalametaParser.batchSource(ScalametaParser.scala:5247)
	at scala.meta.internal.parsers.ScalametaParser.$anonfun$source$1(ScalametaParser.scala:5230)
	at scala.meta.internal.parsers.ScalametaParser.atPos(ScalametaParser.scala:888)
	at scala.meta.internal.parsers.ScalametaParser.autoPos(ScalametaParser.scala:922)
	at scala.meta.internal.parsers.ScalametaParser.source(ScalametaParser.scala:5229)
	at scala.meta.internal.parsers.ScalametaParser.entrypointSource(ScalametaParser.scala:5235)
	at scala.meta.internal.parsers.ScalametaParser.$anonfun$parseSource$2(ScalametaParser.scala:143)
	at scala.meta.internal.parsers.ScalametaParser.parseRule(ScalametaParser.scala:53)
	at scala.meta.internal.parsers.ScalametaParser.parseSource(ScalametaParser.scala:143)
	at scala.meta.parsers.Parse$.$anonfun$parseSource$1(Parse.scala:29)
	at scala.meta.internal.parsers.ScalametaParser$$anon$264.apply(ScalametaParser.scala:5299)
	at scala.meta.parsers.Api$XtensionParseDialectInput.parse(Api.scala:25)
	at scala.meta.internal.semanticdb.scalac.ParseOps$XtensionCompilationUnitSource.toSource(ParseOps.scala:17)
	at scala.meta.internal.semanticdb.scalac.TextDocumentOps$XtensionCompilationUnitDocument.toTextDocument(TextDocumentOps.scala:201)
	at scala.meta.internal.pc.SemanticdbTextDocumentProvider.textDocument(SemanticdbTextDocumentProvider.scala:51)

Sep 14, 2021 11:13:52 PM org.eclipse.lsp4j.jsonrpc.RemoteEndpoint handleCancellation
WARNING: Unmatched cancel notification for request id 16
Sep 14, 2021 11:13:53 PM scala.meta.internal.pc.CompilerAccess handleError
SEVERE: file%3A%2F%2F%2Fhome%2Fsam%2Fscala-fun-prog-design%2Fweek01%2Fquickcheck%2Fsrc%2Fmain%2Fscala%2Fquickcheck%2FQuickCheck.scala:9: error: ; expected but : found
abstract class QuickCheckHeap extends Properties("Heap") with IntHeap:
                                                                     ^
file%3A%2F%2F%2Fhome%2Fsam%2Fscala-fun-prog-design%2Fweek01%2Fquickcheck%2Fsrc%2Fmain%2Fscala%2Fquickcheck%2FQuickCheck.scala:9: error: ; expected but : found
abstract class QuickCheckHeap extends Properties("Heap") with IntHeap:
                                                                     ^
	at scala.meta.internal.parsers.Reporter.syntaxError(Reporter.scala:16)
	at scala.meta.internal.parsers.Reporter.syntaxError$(Reporter.scala:16)
	at scala.meta.internal.parsers.Reporter$$anon$1.syntaxError(Reporter.scala:22)
	at scala.meta.internal.parsers.Reporter.syntaxError(Reporter.scala:17)
	at scala.meta.internal.parsers.Reporter.syntaxError$(Reporter.scala:17)
	at scala.meta.internal.parsers.Reporter$$anon$1.syntaxError(Reporter.scala:22)
	at scala.meta.internal.parsers.ScalametaParser.syntaxErrorExpected(ScalametaParser.scala:941)
	at scala.meta.internal.parsers.ScalametaParser.accept(ScalametaParser.scala:947)
	at scala.meta.internal.parsers.ScalametaParser.acceptStatSep(ScalametaParser.scala:957)
	at scala.meta.internal.parsers.ScalametaParser.acceptStatSepOpt(ScalametaParser.scala:961)
	at scala.meta.internal.parsers.ScalametaParser.statSeq(ScalametaParser.scala:5051)
	at scala.meta.internal.parsers.ScalametaParser.topStatSeq(ScalametaParser.scala:5057)
	at scala.meta.internal.parsers.ScalametaParser.bracelessPackageStats$1(ScalametaParser.scala:5280)
	at scala.meta.internal.parsers.ScalametaParser.$anonfun$batchSource$12(ScalametaParser.scala:5286)
	at scala.meta.internal.parsers.ScalametaParser.atPos(ScalametaParser.scala:888)
	at scala.meta.internal.parsers.ScalametaParser.$anonfun$batchSource$1(ScalametaParser.scala:5286)
	at scala.meta.internal.parsers.ScalametaParser.atPos(ScalametaParser.scala:888)
	at scala.meta.internal.parsers.ScalametaParser.autoPos(ScalametaParser.scala:922)
	at scala.meta.internal.parsers.ScalametaParser.batchSource(ScalametaParser.scala:5247)
	at scala.meta.internal.parsers.ScalametaParser.$anonfun$source$1(ScalametaParser.scala:5230)
	at scala.meta.internal.parsers.ScalametaParser.atPos(ScalametaParser.scala:888)
	at scala.meta.internal.parsers.ScalametaParser.autoPos(ScalametaParser.scala:922)
	at scala.meta.internal.parsers.ScalametaParser.source(ScalametaParser.scala:5229)
	at scala.meta.internal.parsers.ScalametaParser.entrypointSource(ScalametaParser.scala:5235)
	at scala.meta.internal.parsers.ScalametaParser.$anonfun$parseSource$2(ScalametaParser.scala:143)
	at scala.meta.internal.parsers.ScalametaParser.parseRule(ScalametaParser.scala:53)
	at scala.meta.internal.parsers.ScalametaParser.parseSource(ScalametaParser.scala:143)
	at scala.meta.parsers.Parse$.$anonfun$parseSource$1(Parse.scala:29)
	at scala.meta.internal.parsers.ScalametaParser$$anon$264.apply(ScalametaParser.scala:5299)
	at scala.meta.parsers.Api$XtensionParseDialectInput.parse(Api.scala:25)
	at scala.meta.internal.semanticdb.scalac.ParseOps$XtensionCompilationUnitSource.toSource(ParseOps.scala:17)
	at scala.meta.internal.semanticdb.scalac.TextDocumentOps$XtensionCompilationUnitDocument.toTextDocument(TextDocumentOps.scala:201)
	at scala.meta.internal.pc.SemanticdbTextDocumentProvider.textDocument(SemanticdbTextDocumentProvider.scala:51)

Sep 14, 2021 11:13:53 PM scala.meta.internal.pc.CompilerAccess handleError
SEVERE: file%3A%2F%2F%2Fhome%2Fsam%2Fscala-fun-prog-design%2Fweek01%2Fquickcheck%2Fsrc%2Fmain%2Fscala%2Fquickcheck%2FQuickCheck.scala:9: error: ; expected but : found
abstract class QuickCheckHeap extends Properties("Heap") with IntHeap:
                                                                     ^
file%3A%2F%2F%2Fhome%2Fsam%2Fscala-fun-prog-design%2Fweek01%2Fquickcheck%2Fsrc%2Fmain%2Fscala%2Fquickcheck%2FQuickCheck.scala:9: error: ; expected but : found
abstract class QuickCheckHeap extends Properties("Heap") with IntHeap:
                                                                     ^
	at scala.meta.internal.parsers.Reporter.syntaxError(Reporter.scala:16)
	at scala.meta.internal.parsers.Reporter.syntaxError$(Reporter.scala:16)
	at scala.meta.internal.parsers.Reporter$$anon$1.syntaxError(Reporter.scala:22)
	at scala.meta.internal.parsers.Reporter.syntaxError(Reporter.scala:17)
	at scala.meta.internal.parsers.Reporter.syntaxError$(Reporter.scala:17)
	at scala.meta.internal.parsers.Reporter$$anon$1.syntaxError(Reporter.scala:22)
	at scala.meta.internal.parsers.ScalametaParser.syntaxErrorExpected(ScalametaParser.scala:941)
	at scala.meta.internal.parsers.ScalametaParser.accept(ScalametaParser.scala:947)
	at scala.meta.internal.parsers.ScalametaParser.acceptStatSep(ScalametaParser.scala:957)
	at scala.meta.internal.parsers.ScalametaParser.acceptStatSepOpt(ScalametaParser.scala:961)
	at scala.meta.internal.parsers.ScalametaParser.statSeq(ScalametaParser.scala:5051)
	at scala.meta.internal.parsers.ScalametaParser.topStatSeq(ScalametaParser.scala:5057)
	at scala.meta.internal.parsers.ScalametaParser.bracelessPackageStats$1(ScalametaParser.scala:5280)
	at scala.meta.internal.parsers.ScalametaParser.$anonfun$batchSource$12(ScalametaParser.scala:5286)
	at scala.meta.internal.parsers.ScalametaParser.atPos(ScalametaParser.scala:888)
	at scala.meta.internal.parsers.ScalametaParser.$anonfun$batchSource$1(ScalametaParser.scala:5286)
	at scala.meta.internal.parsers.ScalametaParser.atPos(ScalametaParser.scala:888)
	at scala.meta.internal.parsers.ScalametaParser.autoPos(ScalametaParser.scala:922)
	at scala.meta.internal.parsers.ScalametaParser.batchSource(ScalametaParser.scala:5247)
	at scala.meta.internal.parsers.ScalametaParser.$anonfun$source$1(ScalametaParser.scala:5230)
	at scala.meta.internal.parsers.ScalametaParser.atPos(ScalametaParser.scala:888)
	at scala.meta.internal.parsers.ScalametaParser.autoPos(ScalametaParser.scala:922)
	at scala.meta.internal.parsers.ScalametaParser.source(ScalametaParser.scala:5229)
	at scala.meta.internal.parsers.ScalametaParser.entrypointSource(ScalametaParser.scala:5235)
	at scala.meta.internal.parsers.ScalametaParser.$anonfun$parseSource$2(ScalametaParser.scala:143)
	at scala.meta.internal.parsers.ScalametaParser.parseRule(ScalametaParser.scala:53)
	at scala.meta.internal.parsers.ScalametaParser.parseSource(ScalametaParser.scala:143)
	at scala.meta.parsers.Parse$.$anonfun$parseSource$1(Parse.scala:29)
	at scala.meta.internal.parsers.ScalametaParser$$anon$264.apply(ScalametaParser.scala:5299)
	at scala.meta.parsers.Api$XtensionParseDialectInput.parse(Api.scala:25)
	at scala.meta.internal.semanticdb.scalac.ParseOps$XtensionCompilationUnitSource.toSource(ParseOps.scala:17)
	at scala.meta.internal.semanticdb.scalac.TextDocumentOps$XtensionCompilationUnitDocument.toTextDocument(TextDocumentOps.scala:201)
	at scala.meta.internal.pc.SemanticdbTextDocumentProvider.textDocument(SemanticdbTextDocumentProvider.scala:51)

Sep 14, 2021 11:13:55 PM scala.meta.internal.pc.CompilerAccess handleError
SEVERE: file%3A%2F%2F%2Fhome%2Fsam%2Fscala-fun-prog-design%2Fweek01%2Fquickcheck%2Fsrc%2Fmain%2Fscala%2Fquickcheck%2FQuickCheck.scala:9: error: ; expected but : found
abstract class QuickCheckHeap extends Properties("Heap") with IntHeap:
                                                                     ^
file%3A%2F%2F%2Fhome%2Fsam%2Fscala-fun-prog-design%2Fweek01%2Fquickcheck%2Fsrc%2Fmain%2Fscala%2Fquickcheck%2FQuickCheck.scala:9: error: ; expected but : found
abstract class QuickCheckHeap extends Properties("Heap") with IntHeap:
                                                                     ^
	at scala.meta.internal.parsers.Reporter.syntaxError(Reporter.scala:16)
	at scala.meta.internal.parsers.Reporter.syntaxError$(Reporter.scala:16)
	at scala.meta.internal.parsers.Reporter$$anon$1.syntaxError(Reporter.scala:22)
	at scala.meta.internal.parsers.Reporter.syntaxError(Reporter.scala:17)
	at scala.meta.internal.parsers.Reporter.syntaxError$(Reporter.scala:17)
	at scala.meta.internal.parsers.Reporter$$anon$1.syntaxError(Reporter.scala:22)
	at scala.meta.internal.parsers.ScalametaParser.syntaxErrorExpected(ScalametaParser.scala:941)
	at scala.meta.internal.parsers.ScalametaParser.accept(ScalametaParser.scala:947)
	at scala.meta.internal.parsers.ScalametaParser.acceptStatSep(ScalametaParser.scala:957)
	at scala.meta.internal.parsers.ScalametaParser.acceptStatSepOpt(ScalametaParser.scala:961)
	at scala.meta.internal.parsers.ScalametaParser.statSeq(ScalametaParser.scala:5051)
	at scala.meta.internal.parsers.ScalametaParser.topStatSeq(ScalametaParser.scala:5057)
	at scala.meta.internal.parsers.ScalametaParser.bracelessPackageStats$1(ScalametaParser.scala:5280)
	at scala.meta.internal.parsers.ScalametaParser.$anonfun$batchSource$12(ScalametaParser.scala:5286)
	at scala.meta.internal.parsers.ScalametaParser.atPos(ScalametaParser.scala:888)
	at scala.meta.internal.parsers.ScalametaParser.$anonfun$batchSource$1(ScalametaParser.scala:5286)
	at scala.meta.internal.parsers.ScalametaParser.atPos(ScalametaParser.scala:888)
	at scala.meta.internal.parsers.ScalametaParser.autoPos(ScalametaParser.scala:922)
	at scala.meta.internal.parsers.ScalametaParser.batchSource(ScalametaParser.scala:5247)
	at scala.meta.internal.parsers.ScalametaParser.$anonfun$source$1(ScalametaParser.scala:5230)
	at scala.meta.internal.parsers.ScalametaParser.atPos(ScalametaParser.scala:888)
	at scala.meta.internal.parsers.ScalametaParser.autoPos(ScalametaParser.scala:922)
	at scala.meta.internal.parsers.ScalametaParser.source(ScalametaParser.scala:5229)
	at scala.meta.internal.parsers.ScalametaParser.entrypointSource(ScalametaParser.scala:5235)
	at scala.meta.internal.parsers.ScalametaParser.$anonfun$parseSource$2(ScalametaParser.scala:143)
	at scala.meta.internal.parsers.ScalametaParser.parseRule(ScalametaParser.scala:53)
	at scala.meta.internal.parsers.ScalametaParser.parseSource(ScalametaParser.scala:143)
	at scala.meta.parsers.Parse$.$anonfun$parseSource$1(Parse.scala:29)
	at scala.meta.internal.parsers.ScalametaParser$$anon$264.apply(ScalametaParser.scala:5299)
	at scala.meta.parsers.Api$XtensionParseDialectInput.parse(Api.scala:25)
	at scala.meta.internal.semanticdb.scalac.ParseOps$XtensionCompilationUnitSource.toSource(ParseOps.scala:17)
	at scala.meta.internal.semanticdb.scalac.TextDocumentOps$XtensionCompilationUnitDocument.toTextDocument(TextDocumentOps.scala:201)
	at scala.meta.internal.pc.SemanticdbTextDocumentProvider.textDocument(SemanticdbTextDocumentProvider.scala:51)

Sep 14, 2021 11:13:55 PM scala.meta.internal.pc.CompilerAccess handleError
SEVERE: file%3A%2F%2F%2Fhome%2Fsam%2Fscala-fun-prog-design%2Fweek01%2Fquickcheck%2Fsrc%2Fmain%2Fscala%2Fquickcheck%2FQuickCheck.scala:9: error: ; expected but : found
abstract class QuickCheckHeap extends Properties("Heap") with IntHeap:
                                                                     ^
file%3A%2F%2F%2Fhome%2Fsam%2Fscala-fun-prog-design%2Fweek01%2Fquickcheck%2Fsrc%2Fmain%2Fscala%2Fquickcheck%2FQuickCheck.scala:9: error: ; expected but : found
abstract class QuickCheckHeap extends Properties("Heap") with IntHeap:
                                                                     ^
	at scala.meta.internal.parsers.Reporter.syntaxError(Reporter.scala:16)
	at scala.meta.internal.parsers.Reporter.syntaxError$(Reporter.scala:16)
	at scala.meta.internal.parsers.Reporter$$anon$1.syntaxError(Reporter.scala:22)
	at scala.meta.internal.parsers.Reporter.syntaxError(Reporter.scala:17)
	at scala.meta.internal.parsers.Reporter.syntaxError$(Reporter.scala:17)
	at scala.meta.internal.parsers.Reporter$$anon$1.syntaxError(Reporter.scala:22)
	at scala.meta.internal.parsers.ScalametaParser.syntaxErrorExpected(ScalametaParser.scala:941)
	at scala.meta.internal.parsers.ScalametaParser.accept(ScalametaParser.scala:947)
	at scala.meta.internal.parsers.ScalametaParser.acceptStatSep(ScalametaParser.scala:957)
	at scala.meta.internal.parsers.ScalametaParser.acceptStatSepOpt(ScalametaParser.scala:961)
	at scala.meta.internal.parsers.ScalametaParser.statSeq(ScalametaParser.scala:5051)
	at scala.meta.internal.parsers.ScalametaParser.topStatSeq(ScalametaParser.scala:5057)
	at scala.meta.internal.parsers.ScalametaParser.bracelessPackageStats$1(ScalametaParser.scala:5280)
	at scala.meta.internal.parsers.ScalametaParser.$anonfun$batchSource$12(ScalametaParser.scala:5286)
	at scala.meta.internal.parsers.ScalametaParser.atPos(ScalametaParser.scala:888)
	at scala.meta.internal.parsers.ScalametaParser.$anonfun$batchSource$1(ScalametaParser.scala:5286)
	at scala.meta.internal.parsers.ScalametaParser.atPos(ScalametaParser.scala:888)
	at scala.meta.internal.parsers.ScalametaParser.autoPos(ScalametaParser.scala:922)
	at scala.meta.internal.parsers.ScalametaParser.batchSource(ScalametaParser.scala:5247)
	at scala.meta.internal.parsers.ScalametaParser.$anonfun$source$1(ScalametaParser.scala:5230)
	at scala.meta.internal.parsers.ScalametaParser.atPos(ScalametaParser.scala:888)
	at scala.meta.internal.parsers.ScalametaParser.autoPos(ScalametaParser.scala:922)
	at scala.meta.internal.parsers.ScalametaParser.source(ScalametaParser.scala:5229)
	at scala.meta.internal.parsers.ScalametaParser.entrypointSource(ScalametaParser.scala:5235)
	at scala.meta.internal.parsers.ScalametaParser.$anonfun$parseSource$2(ScalametaParser.scala:143)
	at scala.meta.internal.parsers.ScalametaParser.parseRule(ScalametaParser.scala:53)
	at scala.meta.internal.parsers.ScalametaParser.parseSource(ScalametaParser.scala:143)
	at scala.meta.parsers.Parse$.$anonfun$parseSource$1(Parse.scala:29)
	at scala.meta.internal.parsers.ScalametaParser$$anon$264.apply(ScalametaParser.scala:5299)
	at scala.meta.parsers.Api$XtensionParseDialectInput.parse(Api.scala:25)
	at scala.meta.internal.semanticdb.scalac.ParseOps$XtensionCompilationUnitSource.toSource(ParseOps.scala:17)
	at scala.meta.internal.semanticdb.scalac.TextDocumentOps$XtensionCompilationUnitDocument.toTextDocument(TextDocumentOps.scala:201)
	at scala.meta.internal.pc.SemanticdbTextDocumentProvider.textDocument(SemanticdbTextDocumentProvider.scala:51)

Sep 14, 2021 11:13:56 PM scala.meta.internal.pc.CompilerAccess handleError
SEVERE: file%3A%2F%2F%2Fhome%2Fsam%2Fscala-fun-prog-design%2Fweek01%2Fquickcheck%2Fsrc%2Fmain%2Fscala%2Fquickcheck%2FQuickCheck.scala:9: error: ; expected but : found
abstract class QuickCheckHeap extends Properties("Heap") with IntHeap:
                                                                     ^
file%3A%2F%2F%2Fhome%2Fsam%2Fscala-fun-prog-design%2Fweek01%2Fquickcheck%2Fsrc%2Fmain%2Fscala%2Fquickcheck%2FQuickCheck.scala:9: error: ; expected but : found
abstract class QuickCheckHeap extends Properties("Heap") with IntHeap:
                                                                     ^
	at scala.meta.internal.parsers.Reporter.syntaxError(Reporter.scala:16)
	at scala.meta.internal.parsers.Reporter.syntaxError$(Reporter.scala:16)
	at scala.meta.internal.parsers.Reporter$$anon$1.syntaxError(Reporter.scala:22)
	at scala.meta.internal.parsers.Reporter.syntaxError(Reporter.scala:17)
	at scala.meta.internal.parsers.Reporter.syntaxError$(Reporter.scala:17)
	at scala.meta.internal.parsers.Reporter$$anon$1.syntaxError(Reporter.scala:22)
	at scala.meta.internal.parsers.ScalametaParser.syntaxErrorExpected(ScalametaParser.scala:941)
	at scala.meta.internal.parsers.ScalametaParser.accept(ScalametaParser.scala:947)
	at scala.meta.internal.parsers.ScalametaParser.acceptStatSep(ScalametaParser.scala:957)
	at scala.meta.internal.parsers.ScalametaParser.acceptStatSepOpt(ScalametaParser.scala:961)
	at scala.meta.internal.parsers.ScalametaParser.statSeq(ScalametaParser.scala:5051)
	at scala.meta.internal.parsers.ScalametaParser.topStatSeq(ScalametaParser.scala:5057)
	at scala.meta.internal.parsers.ScalametaParser.bracelessPackageStats$1(ScalametaParser.scala:5280)
	at scala.meta.internal.parsers.ScalametaParser.$anonfun$batchSource$12(ScalametaParser.scala:5286)
	at scala.meta.internal.parsers.ScalametaParser.atPos(ScalametaParser.scala:888)
	at scala.meta.internal.parsers.ScalametaParser.$anonfun$batchSource$1(ScalametaParser.scala:5286)
	at scala.meta.internal.parsers.ScalametaParser.atPos(ScalametaParser.scala:888)
	at scala.meta.internal.parsers.ScalametaParser.autoPos(ScalametaParser.scala:922)
	at scala.meta.internal.parsers.ScalametaParser.batchSource(ScalametaParser.scala:5247)
	at scala.meta.internal.parsers.ScalametaParser.$anonfun$source$1(ScalametaParser.scala:5230)
	at scala.meta.internal.parsers.ScalametaParser.atPos(ScalametaParser.scala:888)
	at scala.meta.internal.parsers.ScalametaParser.autoPos(ScalametaParser.scala:922)
	at scala.meta.internal.parsers.ScalametaParser.source(ScalametaParser.scala:5229)
	at scala.meta.internal.parsers.ScalametaParser.entrypointSource(ScalametaParser.scala:5235)
	at scala.meta.internal.parsers.ScalametaParser.$anonfun$parseSource$2(ScalametaParser.scala:143)
	at scala.meta.internal.parsers.ScalametaParser.parseRule(ScalametaParser.scala:53)
	at scala.meta.internal.parsers.ScalametaParser.parseSource(ScalametaParser.scala:143)
	at scala.meta.parsers.Parse$.$anonfun$parseSource$1(Parse.scala:29)
	at scala.meta.internal.parsers.ScalametaParser$$anon$264.apply(ScalametaParser.scala:5299)
	at scala.meta.parsers.Api$XtensionParseDialectInput.parse(Api.scala:25)
	at scala.meta.internal.semanticdb.scalac.ParseOps$XtensionCompilationUnitSource.toSource(ParseOps.scala:17)
	at scala.meta.internal.semanticdb.scalac.TextDocumentOps$XtensionCompilationUnitDocument.toTextDocument(TextDocumentOps.scala:201)
	at scala.meta.internal.pc.SemanticdbTextDocumentProvider.textDocument(SemanticdbTextDocumentProvider.scala:51)

Sep 14, 2021 11:13:58 PM scala.meta.internal.pc.CompilerAccess handleError
SEVERE: file%3A%2F%2F%2Fhome%2Fsam%2Fscala-fun-prog-design%2Fweek01%2Fquickcheck%2Fsrc%2Fmain%2Fscala%2Fquickcheck%2FQuickCheck.scala:9: error: ; expected but : found
abstract class QuickCheckHeap extends Properties("Heap") with IntHeap:
                                                                     ^
file%3A%2F%2F%2Fhome%2Fsam%2Fscala-fun-prog-design%2Fweek01%2Fquickcheck%2Fsrc%2Fmain%2Fscala%2Fquickcheck%2FQuickCheck.scala:9: error: ; expected but : found
abstract class QuickCheckHeap extends Properties("Heap") with IntHeap:
                                                                     ^
	at scala.meta.internal.parsers.Reporter.syntaxError(Reporter.scala:16)
	at scala.meta.internal.parsers.Reporter.syntaxError$(Reporter.scala:16)
	at scala.meta.internal.parsers.Reporter$$anon$1.syntaxError(Reporter.scala:22)
	at scala.meta.internal.parsers.Reporter.syntaxError(Reporter.scala:17)
	at scala.meta.internal.parsers.Reporter.syntaxError$(Reporter.scala:17)
	at scala.meta.internal.parsers.Reporter$$anon$1.syntaxError(Reporter.scala:22)
	at scala.meta.internal.parsers.ScalametaParser.syntaxErrorExpected(ScalametaParser.scala:941)
	at scala.meta.internal.parsers.ScalametaParser.accept(ScalametaParser.scala:947)
	at scala.meta.internal.parsers.ScalametaParser.acceptStatSep(ScalametaParser.scala:957)
	at scala.meta.internal.parsers.ScalametaParser.acceptStatSepOpt(ScalametaParser.scala:961)
	at scala.meta.internal.parsers.ScalametaParser.statSeq(ScalametaParser.scala:5051)
	at scala.meta.internal.parsers.ScalametaParser.topStatSeq(ScalametaParser.scala:5057)
	at scala.meta.internal.parsers.ScalametaParser.bracelessPackageStats$1(ScalametaParser.scala:5280)
	at scala.meta.internal.parsers.ScalametaParser.$anonfun$batchSource$12(ScalametaParser.scala:5286)
	at scala.meta.internal.parsers.ScalametaParser.atPos(ScalametaParser.scala:888)
	at scala.meta.internal.parsers.ScalametaParser.$anonfun$batchSource$1(ScalametaParser.scala:5286)
	at scala.meta.internal.parsers.ScalametaParser.atPos(ScalametaParser.scala:888)
	at scala.meta.internal.parsers.ScalametaParser.autoPos(ScalametaParser.scala:922)
	at scala.meta.internal.parsers.ScalametaParser.batchSource(ScalametaParser.scala:5247)
	at scala.meta.internal.parsers.ScalametaParser.$anonfun$source$1(ScalametaParser.scala:5230)
	at scala.meta.internal.parsers.ScalametaParser.atPos(ScalametaParser.scala:888)
	at scala.meta.internal.parsers.ScalametaParser.autoPos(ScalametaParser.scala:922)
	at scala.meta.internal.parsers.ScalametaParser.source(ScalametaParser.scala:5229)
	at scala.meta.internal.parsers.ScalametaParser.entrypointSource(ScalametaParser.scala:5235)
	at scala.meta.internal.parsers.ScalametaParser.$anonfun$parseSource$2(ScalametaParser.scala:143)
	at scala.meta.internal.parsers.ScalametaParser.parseRule(ScalametaParser.scala:53)
	at scala.meta.internal.parsers.ScalametaParser.parseSource(ScalametaParser.scala:143)
	at scala.meta.parsers.Parse$.$anonfun$parseSource$1(Parse.scala:29)
	at scala.meta.internal.parsers.ScalametaParser$$anon$264.apply(ScalametaParser.scala:5299)
	at scala.meta.parsers.Api$XtensionParseDialectInput.parse(Api.scala:25)
	at scala.meta.internal.semanticdb.scalac.ParseOps$XtensionCompilationUnitSource.toSource(ParseOps.scala:17)
	at scala.meta.internal.semanticdb.scalac.TextDocumentOps$XtensionCompilationUnitDocument.toTextDocument(TextDocumentOps.scala:201)
	at scala.meta.internal.pc.SemanticdbTextDocumentProvider.textDocument(SemanticdbTextDocumentProvider.scala:51)

Sep 14, 2021 11:13:58 PM scala.meta.internal.pc.CompilerAccess handleError
SEVERE: file%3A%2F%2F%2Fhome%2Fsam%2Fscala-fun-prog-design%2Fweek01%2Fquickcheck%2Fsrc%2Fmain%2Fscala%2Fquickcheck%2FQuickCheck.scala:9: error: ; expected but : found
abstract class QuickCheckHeap extends Properties("Heap") with IntHeap:
                                                                     ^
file%3A%2F%2F%2Fhome%2Fsam%2Fscala-fun-prog-design%2Fweek01%2Fquickcheck%2Fsrc%2Fmain%2Fscala%2Fquickcheck%2FQuickCheck.scala:9: error: ; expected but : found
abstract class QuickCheckHeap extends Properties("Heap") with IntHeap:
                                                                     ^
	at scala.meta.internal.parsers.Reporter.syntaxError(Reporter.scala:16)
	at scala.meta.internal.parsers.Reporter.syntaxError$(Reporter.scala:16)
	at scala.meta.internal.parsers.Reporter$$anon$1.syntaxError(Reporter.scala:22)
	at scala.meta.internal.parsers.Reporter.syntaxError(Reporter.scala:17)
	at scala.meta.internal.parsers.Reporter.syntaxError$(Reporter.scala:17)
	at scala.meta.internal.parsers.Reporter$$anon$1.syntaxError(Reporter.scala:22)
	at scala.meta.internal.parsers.ScalametaParser.syntaxErrorExpected(ScalametaParser.scala:941)
	at scala.meta.internal.parsers.ScalametaParser.accept(ScalametaParser.scala:947)
	at scala.meta.internal.parsers.ScalametaParser.acceptStatSep(ScalametaParser.scala:957)
	at scala.meta.internal.parsers.ScalametaParser.acceptStatSepOpt(ScalametaParser.scala:961)
	at scala.meta.internal.parsers.ScalametaParser.statSeq(ScalametaParser.scala:5051)
	at scala.meta.internal.parsers.ScalametaParser.topStatSeq(ScalametaParser.scala:5057)
	at scala.meta.internal.parsers.ScalametaParser.bracelessPackageStats$1(ScalametaParser.scala:5280)
	at scala.meta.internal.parsers.ScalametaParser.$anonfun$batchSource$12(ScalametaParser.scala:5286)
	at scala.meta.internal.parsers.ScalametaParser.atPos(ScalametaParser.scala:888)
	at scala.meta.internal.parsers.ScalametaParser.$anonfun$batchSource$1(ScalametaParser.scala:5286)
	at scala.meta.internal.parsers.ScalametaParser.atPos(ScalametaParser.scala:888)
	at scala.meta.internal.parsers.ScalametaParser.autoPos(ScalametaParser.scala:922)
	at scala.meta.internal.parsers.ScalametaParser.batchSource(ScalametaParser.scala:5247)
	at scala.meta.internal.parsers.ScalametaParser.$anonfun$source$1(ScalametaParser.scala:5230)
	at scala.meta.internal.parsers.ScalametaParser.atPos(ScalametaParser.scala:888)
	at scala.meta.internal.parsers.ScalametaParser.autoPos(ScalametaParser.scala:922)
	at scala.meta.internal.parsers.ScalametaParser.source(ScalametaParser.scala:5229)
	at scala.meta.internal.parsers.ScalametaParser.entrypointSource(ScalametaParser.scala:5235)
	at scala.meta.internal.parsers.ScalametaParser.$anonfun$parseSource$2(ScalametaParser.scala:143)
	at scala.meta.internal.parsers.ScalametaParser.parseRule(ScalametaParser.scala:53)
	at scala.meta.internal.parsers.ScalametaParser.parseSource(ScalametaParser.scala:143)
	at scala.meta.parsers.Parse$.$anonfun$parseSource$1(Parse.scala:29)
	at scala.meta.internal.parsers.ScalametaParser$$anon$264.apply(ScalametaParser.scala:5299)
	at scala.meta.parsers.Api$XtensionParseDialectInput.parse(Api.scala:25)
	at scala.meta.internal.semanticdb.scalac.ParseOps$XtensionCompilationUnitSource.toSource(ParseOps.scala:17)
	at scala.meta.internal.semanticdb.scalac.TextDocumentOps$XtensionCompilationUnitDocument.toTextDocument(TextDocumentOps.scala:201)
	at scala.meta.internal.pc.SemanticdbTextDocumentProvider.textDocument(SemanticdbTextDocumentProvider.scala:51)

[0m2021.09.14 23:13:58 WARN  no build target for: /home/sam/scala-fun-prog-design/week01/quickcheck/src/main/scala/quickcheck/QuickCheck.scala[0m
Sep 14, 2021 11:13:58 PM scala.meta.internal.pc.CompilerAccess handleError
SEVERE: file%3A%2F%2F%2Fhome%2Fsam%2Fscala-fun-prog-design%2Fweek01%2Fquickcheck%2Fsrc%2Fmain%2Fscala%2Fquickcheck%2FQuickCheck.scala:9: error: ; expected but : found
abstract class QuickCheckHeap extends Properties("Heap") with IntHeap:
                                                                     ^
file%3A%2F%2F%2Fhome%2Fsam%2Fscala-fun-prog-design%2Fweek01%2Fquickcheck%2Fsrc%2Fmain%2Fscala%2Fquickcheck%2FQuickCheck.scala:9: error: ; expected but : found
abstract class QuickCheckHeap extends Properties("Heap") with IntHeap:
                                                                     ^
	at scala.meta.internal.parsers.Reporter.syntaxError(Reporter.scala:16)
	at scala.meta.internal.parsers.Reporter.syntaxError$(Reporter.scala:16)
	at scala.meta.internal.parsers.Reporter$$anon$1.syntaxError(Reporter.scala:22)
	at scala.meta.internal.parsers.Reporter.syntaxError(Reporter.scala:17)
	at scala.meta.internal.parsers.Reporter.syntaxError$(Reporter.scala:17)
	at scala.meta.internal.parsers.Reporter$$anon$1.syntaxError(Reporter.scala:22)
	at scala.meta.internal.parsers.ScalametaParser.syntaxErrorExpected(ScalametaParser.scala:941)
	at scala.meta.internal.parsers.ScalametaParser.accept(ScalametaParser.scala:947)
	at scala.meta.internal.parsers.ScalametaParser.acceptStatSep(ScalametaParser.scala:957)
	at scala.meta.internal.parsers.ScalametaParser.acceptStatSepOpt(ScalametaParser.scala:961)
	at scala.meta.internal.parsers.ScalametaParser.statSeq(ScalametaParser.scala:5051)
	at scala.meta.internal.parsers.ScalametaParser.topStatSeq(ScalametaParser.scala:5057)
	at scala.meta.internal.parsers.ScalametaParser.bracelessPackageStats$1(ScalametaParser.scala:5280)
	at scala.meta.internal.parsers.ScalametaParser.$anonfun$batchSource$12(ScalametaParser.scala:5286)
	at scala.meta.internal.parsers.ScalametaParser.atPos(ScalametaParser.scala:888)
	at scala.meta.internal.parsers.ScalametaParser.$anonfun$batchSource$1(ScalametaParser.scala:5286)
	at scala.meta.internal.parsers.ScalametaParser.atPos(ScalametaParser.scala:888)
	at scala.meta.internal.parsers.ScalametaParser.autoPos(ScalametaParser.scala:922)
	at scala.meta.internal.parsers.ScalametaParser.batchSource(ScalametaParser.scala:5247)
	at scala.meta.internal.parsers.ScalametaParser.$anonfun$source$1(ScalametaParser.scala:5230)
	at scala.meta.internal.parsers.ScalametaParser.atPos(ScalametaParser.scala:888)
	at scala.meta.internal.parsers.ScalametaParser.autoPos(ScalametaParser.scala:922)
	at scala.meta.internal.parsers.ScalametaParser.source(ScalametaParser.scala:5229)
	at scala.meta.internal.parsers.ScalametaParser.entrypointSource(ScalametaParser.scala:5235)
	at scala.meta.internal.parsers.ScalametaParser.$anonfun$parseSource$2(ScalametaParser.scala:143)
	at scala.meta.internal.parsers.ScalametaParser.parseRule(ScalametaParser.scala:53)
	at scala.meta.internal.parsers.ScalametaParser.parseSource(ScalametaParser.scala:143)
	at scala.meta.parsers.Parse$.$anonfun$parseSource$1(Parse.scala:29)
	at scala.meta.internal.parsers.ScalametaParser$$anon$264.apply(ScalametaParser.scala:5299)
	at scala.meta.parsers.Api$XtensionParseDialectInput.parse(Api.scala:25)
	at scala.meta.internal.semanticdb.scalac.ParseOps$XtensionCompilationUnitSource.toSource(ParseOps.scala:17)
	at scala.meta.internal.semanticdb.scalac.TextDocumentOps$XtensionCompilationUnitDocument.toTextDocument(TextDocumentOps.scala:201)
	at scala.meta.internal.pc.SemanticdbTextDocumentProvider.textDocument(SemanticdbTextDocumentProvider.scala:51)

Sep 14, 2021 11:13:59 PM scala.meta.internal.pc.CompilerAccess handleError
SEVERE: file%3A%2F%2F%2Fhome%2Fsam%2Fscala-fun-prog-design%2Fweek01%2Fquickcheck%2Fsrc%2Fmain%2Fscala%2Fquickcheck%2FQuickCheck.scala:9: error: ; expected but : found
abstract class QuickCheckHeap extends Properties("Heap") with IntHeap:
                                                                     ^
file%3A%2F%2F%2Fhome%2Fsam%2Fscala-fun-prog-design%2Fweek01%2Fquickcheck%2Fsrc%2Fmain%2Fscala%2Fquickcheck%2FQuickCheck.scala:9: error: ; expected but : found
abstract class QuickCheckHeap extends Properties("Heap") with IntHeap:
                                                                     ^
	at scala.meta.internal.parsers.Reporter.syntaxError(Reporter.scala:16)
	at scala.meta.internal.parsers.Reporter.syntaxError$(Reporter.scala:16)
	at scala.meta.internal.parsers.Reporter$$anon$1.syntaxError(Reporter.scala:22)
	at scala.meta.internal.parsers.Reporter.syntaxError(Reporter.scala:17)
	at scala.meta.internal.parsers.Reporter.syntaxError$(Reporter.scala:17)
	at scala.meta.internal.parsers.Reporter$$anon$1.syntaxError(Reporter.scala:22)
	at scala.meta.internal.parsers.ScalametaParser.syntaxErrorExpected(ScalametaParser.scala:941)
	at scala.meta.internal.parsers.ScalametaParser.accept(ScalametaParser.scala:947)
	at scala.meta.internal.parsers.ScalametaParser.acceptStatSep(ScalametaParser.scala:957)
	at scala.meta.internal.parsers.ScalametaParser.acceptStatSepOpt(ScalametaParser.scala:961)
	at scala.meta.internal.parsers.ScalametaParser.statSeq(ScalametaParser.scala:5051)
	at scala.meta.internal.parsers.ScalametaParser.topStatSeq(ScalametaParser.scala:5057)
	at scala.meta.internal.parsers.ScalametaParser.bracelessPackageStats$1(ScalametaParser.scala:5280)
	at scala.meta.internal.parsers.ScalametaParser.$anonfun$batchSource$12(ScalametaParser.scala:5286)
	at scala.meta.internal.parsers.ScalametaParser.atPos(ScalametaParser.scala:888)
	at scala.meta.internal.parsers.ScalametaParser.$anonfun$batchSource$1(ScalametaParser.scala:5286)
	at scala.meta.internal.parsers.ScalametaParser.atPos(ScalametaParser.scala:888)
	at scala.meta.internal.parsers.ScalametaParser.autoPos(ScalametaParser.scala:922)
	at scala.meta.internal.parsers.ScalametaParser.batchSource(ScalametaParser.scala:5247)
	at scala.meta.internal.parsers.ScalametaParser.$anonfun$source$1(ScalametaParser.scala:5230)
	at scala.meta.internal.parsers.ScalametaParser.atPos(ScalametaParser.scala:888)
	at scala.meta.internal.parsers.ScalametaParser.autoPos(ScalametaParser.scala:922)
	at scala.meta.internal.parsers.ScalametaParser.source(ScalametaParser.scala:5229)
	at scala.meta.internal.parsers.ScalametaParser.entrypointSource(ScalametaParser.scala:5235)
	at scala.meta.internal.parsers.ScalametaParser.$anonfun$parseSource$2(ScalametaParser.scala:143)
	at scala.meta.internal.parsers.ScalametaParser.parseRule(ScalametaParser.scala:53)
	at scala.meta.internal.parsers.ScalametaParser.parseSource(ScalametaParser.scala:143)
	at scala.meta.parsers.Parse$.$anonfun$parseSource$1(Parse.scala:29)
	at scala.meta.internal.parsers.ScalametaParser$$anon$264.apply(ScalametaParser.scala:5299)
	at scala.meta.parsers.Api$XtensionParseDialectInput.parse(Api.scala:25)
	at scala.meta.internal.semanticdb.scalac.ParseOps$XtensionCompilationUnitSource.toSource(ParseOps.scala:17)
	at scala.meta.internal.semanticdb.scalac.TextDocumentOps$XtensionCompilationUnitDocument.toTextDocument(TextDocumentOps.scala:201)
	at scala.meta.internal.pc.SemanticdbTextDocumentProvider.textDocument(SemanticdbTextDocumentProvider.scala:51)

Sep 14, 2021 11:14:01 PM org.eclipse.lsp4j.jsonrpc.services.GenericEndpoint notify
INFO: Unsupported notification method: $/setTrace
